\BOOKMARK [0][-]{chapter.1}{\376\377\000P\000a\000r\000t\000y\000c\000j\000o\000n\000o\000w\000a\000n\000i\000e\000\040\000d\000a\000n\000y\000c\000h\000\040\000w\000\040\000P\000o\000s\000t\000g\000r\000e\000S\000Q\000L\000\040\040\023\000\040\000a\000n\000a\000l\000i\000z\000a\000,\000\040\000t\000y\000p\000y\000,\000\040\000z\000a\000s\000t\000o\000s\000o\000w\000a\000n\000i\000a\000\040\000i\000\040\000d\000o\000b\000r\000e\000\040\000p\000r\000a\000k\000t\000y\000k\000i}{}% 1
\BOOKMARK [1][-]{section.1.1}{\376\377\000S\000t\000r\000e\000s\000z\000c\000z\000e\000n\000i\000e}{chapter.1}% 2
\BOOKMARK [1][-]{section.1.2}{\376\377\0001\000.\000\040\000W\000p\000r\000o\000w\000a\000d\000z\000e\000n\000i\000e}{chapter.1}% 3
\BOOKMARK [1][-]{section.1.3}{\376\377\0002\000.\000\040\000D\000e\000f\000i\000n\000i\000c\000j\000a\000\040\000i\000\040\000c\000e\000l\000\040\000p\000a\000r\000t\000y\000c\000j\000o\000n\000o\000w\000a\000n\000i\000a}{chapter.1}% 4
\BOOKMARK [1][-]{section.1.4}{\376\377\0003\000.\000\040\000M\000o\000d\000e\000l\000e\000\040\000i\000\040\000t\000y\000p\000y\000\040\000p\000a\000r\000t\000y\000c\000j\000o\000n\000o\000w\000a\000n\000i\000a\000\040\000w\000\040\000P\000o\000s\000t\000g\000r\000e\000S\000Q\000L}{chapter.1}% 5
\BOOKMARK [1][-]{section.1.5}{\376\377\0004\000.\000\040\000I\000m\000p\000l\000e\000m\000e\000n\000t\000a\000c\000j\000a\000\040\000p\000a\000r\000t\000y\000c\000j\000o\000n\000o\000w\000a\000n\000i\000a\000\040\000w\000\040\000p\000r\000a\000k\000t\000y\000c\000e}{chapter.1}% 6
\BOOKMARK [1][-]{section.1.6}{\376\377\0005\000.\000\040\000M\000o\000n\000i\000t\000o\000r\000o\000w\000a\000n\000i\000e\000\040\000i\000\040\000a\000d\000m\000i\000n\000i\000s\000t\000r\000a\000c\000j\000a}{chapter.1}% 7
\BOOKMARK [1][-]{section.1.7}{\376\377\0006\000.\000\040\000T\000y\000p\000o\000w\000e\000\040\000s\000c\000e\000n\000a\000r\000i\000u\000s\000z\000e\000\040\000z\000a\000s\000t\000o\000s\000o\000w\000a\001\104}{chapter.1}% 8
\BOOKMARK [1][-]{section.1.8}{\376\377\0007\000.\000\040\000D\000o\000b\000r\000e\000\040\000p\000r\000a\000k\000t\000y\000k\000i\000\040\000p\000r\000o\000j\000e\000k\000t\000o\000w\000a\000n\000i\000a\000\040\000p\000a\000r\000t\000y\000c\000j\000i}{chapter.1}% 9
\BOOKMARK [1][-]{section.1.9}{\376\377\0008\000.\000\040\000O\000g\000r\000a\000n\000i\000c\000z\000e\000n\000i\000a\000\040\000i\000\040\000p\000o\000t\000e\000n\000c\000j\000a\000l\000n\000e\000\040\000p\000r\000o\000b\000l\000e\000m\000y}{chapter.1}% 10
\BOOKMARK [1][-]{section.1.10}{\376\377\0009\000.\000\040\000P\000o\000d\000s\000u\000m\000o\000w\000a\000n\000i\000e\000\040\000i\000\040\000w\000n\000i\000o\000s\000k\000i}{chapter.1}% 11
\BOOKMARK [1][-]{section.1.11}{\376\377\0001\0000\000.\000\040\000K\000r\000\363\000t\000k\000i\000e\000\040\000p\000o\000r\000\363\000w\000n\000a\000n\000i\000e\000\040\000p\000a\000r\000t\000y\000c\000j\000o\000n\000o\000w\000a\000n\000i\000a\000\040\000w\000\040\000P\000o\000s\000t\000g\000r\000e\000S\000Q\000L\000\040\000i\000\040\000i\000n\000n\000y\000c\000h\000\040\000s\000y\000s\000t\000e\000m\000a\000c\000h\000\040\000b\000a\000z\000o\000d\000a\000n\000o\000w\000y\000c\000h}{chapter.1}% 12
\BOOKMARK [1][-]{section.1.12}{\376\377\0001\0001\000.\000\040\000P\000r\000z\000y\000k\001\102\000a\000d\000\040\000m\000i\000g\000r\000a\000c\000j\000i\000\040\000n\000i\000e\000p\000a\000r\000t\000y\000c\000o\000n\000o\000w\000a\000n\000e\000j\000\040\000t\000a\000b\000e\000l\000i\000\040\000n\000a\000\040\000p\000a\000r\000t\000y\000c\000j\000o\000n\000o\000w\000a\000n\001\005}{chapter.1}% 13
\BOOKMARK [1][-]{section.1.13}{\376\377\0001\0002\000.\000\040\000B\000i\000b\000l\000i\000o\000g\000r\000a\000f\000i\000a}{chapter.1}% 14
\BOOKMARK [0][-]{chapter.2}{\376\377\000W\000y\000d\000a\000j\000n\000o\001\133\001\007\000,\000\040\000s\000k\000a\000l\000o\000w\000a\000n\000i\000e\000\040\000i\000\040\000r\000e\000p\000l\000i\000k\000a\000c\000j\000a}{}% 15
\BOOKMARK [1][-]{section.2.1}{\376\377\000W\000s\000t\001\031\000p}{chapter.2}% 16
\BOOKMARK [1][-]{section.2.2}{\376\377\000B\000u\000f\000o\000r\000o\000w\000a\000n\000i\000e\000\040\000o\000r\000a\000z\000\040\000z\000a\000r\000z\001\005\000d\000z\000a\000n\000i\000e\000\040\000p\000o\001\102\001\005\000c\000z\000e\000n\000i\000a\000m\000i}{chapter.2}% 17
\BOOKMARK [2][-]{subsection.2.2.1}{\376\377\000B\000u\000f\000o\000r\000o\000w\000a\000n\000i\000e\000\040\000p\000o\001\102\001\005\000c\000z\000e\001\104\000:}{section.2.2}% 18
\BOOKMARK [2][-]{subsection.2.2.2}{\376\377\000Z\000a\000r\000z\001\005\000d\000z\000a\000n\000i\000e\000\040\000p\000o\001\102\001\005\000c\000z\000e\000n\000i\000a\000m\000i\000:}{section.2.2}% 19
\BOOKMARK [1][-]{section.2.3}{\376\377\000W\000y\000d\000a\000j\000n\000o\001\133\001\007}{chapter.2}% 20
\BOOKMARK [2][-]{subsection.2.3.1}{\376\377\000K\000l\000a\000s\000t\000r\000y\000\040\000o\000r\000a\000z\000\040\000i\000n\000d\000e\000k\000s\000y}{section.2.3}% 21
\BOOKMARK [2][-]{subsection.2.3.2}{\376\377\0001\000.\000\040\000W\000s\000p\000\363\001\102\000b\000i\000e\001\174\000n\000o\001\133\001\007\000\040\000w\000\040\000b\000a\000z\000a\000c\000h\000\040\000d\000a\000n\000y\000c\000h}{section.2.3}% 22
\BOOKMARK [2][-]{subsection.2.3.3}{\376\377\0002\000.\000\040\000P\000r\000z\000e\000p\000u\000s\000t\000o\000w\000o\001\133\001\007\000\040\000b\000a\000z\000y\000\040\000d\000a\000n\000y\000c\000h}{section.2.3}% 23
\BOOKMARK [2][-]{subsection.2.3.4}{\376\377\0003\000.\000\040\000R\000e\000s\000p\000o\000n\000s\000y\000w\000n\000o\001\133\001\007\000\040\000b\000a\000z\000y\000\040\000d\000a\000n\000y\000c\000h}{section.2.3}% 24
\BOOKMARK [2][-]{subsection.2.3.5}{\376\377\0004\000.\000\040\000Z\000a\000p\000y\000t\000a\000n\000i\000a\000\040\000N\000+\0001}{section.2.3}% 25
\BOOKMARK [2][-]{subsection.2.3.6}{\376\377\0005\000.\000\040\000B\001\102\001\031\000d\000y\000\040\000w\000\040\000b\000a\000z\000a\000c\000h\000\040\000d\000a\000n\000y\000c\000h}{section.2.3}% 26
\BOOKMARK [2][-]{subsection.2.3.7}{\376\377\0006\000.\000\040\000Z\000u\001\174\000y\000c\000i\000e\000\040\000d\000o\000s\000t\001\031\000p\000n\000y\000c\000h\000\040\000z\000a\000s\000o\000b\000\363\000w}{section.2.3}% 27
\BOOKMARK [2][-]{subsection.2.3.8}{\376\377\000P\000r\000o\000s\000t\000o\000t\000a\000\040\000r\000o\000z\000b\000u\000d\000o\000w\000y\000:}{section.2.3}% 28
\BOOKMARK [2][-]{subsection.2.3.9}{\376\377\000A\000n\000a\000l\000i\000t\000y\000k\000a\000\040\000c\000z\000a\000s\000u\000\040\000r\000z\000e\000c\000z\000y\000w\000i\000s\000t\000e\000g\000o\000:}{section.2.3}% 29
\BOOKMARK [2][-]{subsection.2.3.10}{\376\377\000D\000o\000s\000t\001\031\000p\000n\000o\001\133\001\007\000\040\000w\000\040\000c\000h\000m\000u\000r\000z\000e\000:}{section.2.3}% 30
\BOOKMARK [2][-]{subsection.2.3.11}{\376\377\000U\000n\000i\000k\000a\000n\000i\000e\000\040\000w\001\005\000s\000k\000i\000c\000h\000\040\000g\000a\000r\000d\000e\001\102\000:}{section.2.3}% 31
\BOOKMARK [1][-]{section.2.4}{\376\377\000S\000k\000a\000l\000o\000w\000a\000n\000i\000e}{chapter.2}% 32
\BOOKMARK [1][-]{section.2.5}{\376\377\000R\000e\000p\000l\000i\000k\000a\000c\000j\000a}{chapter.2}% 33
\BOOKMARK [2][-]{subsection.2.5.1}{\376\377\000M\000e\000c\000h\000a\000n\000i\000z\000m\000y\000\040\000r\000e\000p\000l\000i\000k\000a\000c\000j\000i}{section.2.5}% 34
\BOOKMARK [2][-]{subsection.2.5.2}{\376\377\000R\000o\000d\000z\000a\000j\000e\000\040\000m\000e\000c\000h\000a\000n\000i\000z\000m\000\363\000w\000\040\000r\000e\000p\000l\000i\000k\000a\000c\000j\000i}{section.2.5}% 35
\BOOKMARK [2][-]{subsection.2.5.3}{\376\377\000Z\000a\000l\000e\000t\000y\000\040\000i\000\040\000W\000a\000d\000y\000\040\000r\000e\000p\000l\000i\000k\000a\000c\000j\000i}{section.2.5}% 36
\BOOKMARK [1][-]{section.2.6}{\376\377\000K\000o\000n\000t\000r\000o\000l\000a\000\040\000d\000o\000s\000t\001\031\000p\000u\000\040\000i\000\040\000l\000i\000m\000i\000t\000y\000\040\000s\000y\000s\000t\000e\000m\000o\000w\000e}{chapter.2}% 37
\BOOKMARK [1][-]{section.2.7}{\376\377\000T\000e\000s\000t\000o\000w\000a\000n\000i\000e\000\040\000w\000y\000d\000a\000j\000n\000o\001\133\000c\000i\000\040\000s\000p\000r\000z\001\031\000t\000u\000\040\000n\000a\000\040\000p\000o\000z\000i\000o\000m\000i\000e\000\040\000O\000S}{chapter.2}% 38
\BOOKMARK [1][-]{section.2.8}{\376\377\000P\000o\000d\000s\000u\000m\000o\000w\000a\000n\000i\000e}{chapter.2}% 39
\BOOKMARK [1][-]{section.2.9}{\376\377\000B\000i\000b\000l\000i\000o\000g\000r\000a\000f\000i\000a}{chapter.2}% 40
\BOOKMARK [0][-]{chapter.3}{\376\377\000S\000p\000r\000z\001\031\000t\000\040\000d\000l\000a\000\040\000b\000a\000z\000\040\000d\000a\000n\000y\000c\000h}{}% 41
\BOOKMARK [1][-]{section.3.1}{\376\377\000W\000s\000t\001\031\000p}{chapter.3}% 42
\BOOKMARK [1][-]{section.3.2}{\376\377\000S\000p\000r\000z\001\031\000t\000\040\000d\000l\000a\000\040\000b\000a\000z\000y\000\040\000d\000a\000n\000y\000c\000h\000\040\000P\000o\000s\000t\000g\000r\000e\000S\000Q\000L}{chapter.3}% 43
\BOOKMARK [2][-]{subsection.3.2.1}{\376\377\000P\000r\000o\000c\000e\000s\000o\000r}{section.3.2}% 44
\BOOKMARK [2][-]{subsection.3.2.2}{\376\377\000P\000a\000m\000i\001\031\001\007\000\040\000o\000p\000e\000r\000a\000c\000y\000j\000n\000a}{section.3.2}% 45
\BOOKMARK [2][-]{subsection.3.2.3}{\376\377\000P\000r\000z\000e\000s\000t\000r\000z\000e\001\104\000\040\000d\000y\000s\000k\000o\000w\000a}{section.3.2}% 46
\BOOKMARK [2][-]{subsection.3.2.4}{\376\377\000S\000i\000e\001\007\000\040\000i\000n\000t\000e\000r\000n\000e\000t\000o\000w\000a}{section.3.2}% 47
\BOOKMARK [2][-]{subsection.3.2.5}{\376\377\000Z\000a\000s\000i\000l\000a\000n\000i\000e}{section.3.2}% 48
\BOOKMARK [2][-]{subsection.3.2.6}{\376\377\000C\000h\001\102\000o\000d\000z\000e\000n\000i\000e}{section.3.2}% 49
\BOOKMARK [1][-]{section.3.3}{\376\377\000S\000p\000r\000z\001\031\000t\000\040\000d\000l\000a\000\040\000b\000a\000z\000y\000\040\000d\000a\000n\000y\000c\000h\000\040\000S\000Q\000L\000i\000t\000e}{chapter.3}% 50
\BOOKMARK [2][-]{subsection.3.3.1}{\376\377\000P\000r\000o\000c\000e\000s\000o\000r}{section.3.3}% 51
\BOOKMARK [2][-]{subsection.3.3.2}{\376\377\000P\000a\000m\000i\001\031\001\007\000\040\000o\000p\000e\000r\000a\000c\000y\000j\000n\000a}{section.3.3}% 52
\BOOKMARK [2][-]{subsection.3.3.3}{\376\377\000P\000r\000z\000e\000s\000t\000r\000z\000e\001\104\000\040\000d\000y\000s\000k\000o\000w\000a}{section.3.3}% 53
\BOOKMARK [2][-]{subsection.3.3.4}{\376\377\000S\000i\000e\001\007\000\040\000i\000n\000t\000e\000r\000n\000e\000t\000o\000w\000a}{section.3.3}% 54
\BOOKMARK [2][-]{subsection.3.3.5}{\376\377\000Z\000a\000s\000i\000l\000a\000n\000i\000e}{section.3.3}% 55
\BOOKMARK [2][-]{subsection.3.3.6}{\376\377\000C\000h\001\102\000o\000d\000z\000e\000n\000i\000e}{section.3.3}% 56
\BOOKMARK [1][-]{section.3.4}{\376\377\000P\000o\000d\000s\000u\000m\000o\000w\000a\000n\000i\000e}{chapter.3}% 57
\BOOKMARK [0][-]{chapter.4}{\376\377\000S\000p\000r\000a\000w\000o\000z\000d\000a\000n\000i\000e\000:\000\040\000K\000o\000n\000f\000i\000g\000u\000r\000a\000c\000j\000a\000\040\000i\000\040\000Z\000a\000r\000z\001\005\000d\000z\000a\000n\000i\000e\000\040\000B\000a\000z\001\005\000\040\000D\000a\000n\000y\000c\000h}{}% 58
\BOOKMARK [1][-]{section.4.1}{\376\377\0001\000.\000\040\000K\000o\000n\000f\000i\000g\000u\000r\000a\000c\000j\000a\000\040\000b\000a\000z\000y\000\040\000d\000a\000n\000y\000c\000h}{chapter.4}% 59
\BOOKMARK [1][-]{section.4.2}{\376\377\0002\000.\000\040\000L\000o\000k\000a\000l\000i\000z\000a\000c\000j\000a\000\040\000i\000\040\000s\000t\000r\000u\000k\000t\000u\000r\000a\000\040\000k\000a\000t\000a\000l\000o\000g\000\363\000w}{chapter.4}% 60
\BOOKMARK [1][-]{section.4.3}{\376\377\0003\000.\000\040\000K\000a\000t\000a\000l\000o\000g\000\040\000d\000a\000n\000y\000c\000h}{chapter.4}% 61
\BOOKMARK [1][-]{section.4.4}{\376\377\0004\000.\000\040\000P\000o\000d\000z\000i\000a\001\102\000\040\000k\000o\000n\000f\000i\000g\000u\000r\000a\000c\000j\000i\000\040\000n\000a\000\040\000p\000o\000d\000p\000l\000i\000k\000i}{chapter.4}% 62
\BOOKMARK [1][-]{section.4.5}{\376\377\0005\000.\000\040\000K\000a\000t\000a\000l\000o\000g\000\040\000K\000o\000n\000f\000i\000g\000u\000r\000a\000c\000y\000j\000n\000y}{chapter.4}% 63
\BOOKMARK [1][-]{section.4.6}{\376\377\0006\000.\000\040\000K\000a\000t\000a\000l\000o\000g\000\040\000l\000o\000g\000\363\000w\000\040\000i\000\040\000s\000t\000r\000u\000k\000t\000u\000r\000a\000\040\000k\000a\000t\000a\000l\000o\000g\000\363\000w\000\040\000w\000\040\000P\000o\000s\000t\000g\000r\000e\000S\000Q\000L}{chapter.4}% 64
\BOOKMARK [1][-]{section.4.7}{\376\377\0007\000.\000\040\000P\000r\000z\000e\000c\000h\000o\000w\000y\000w\000a\000n\000i\000e\000\040\000i\000\040\000l\000o\000k\000a\000l\000i\000z\000a\000c\000j\000a\000\040\000p\000l\000i\000k\000\363\000w\000\040\000k\000o\000n\000f\000i\000g\000u\000r\000a\000c\000y\000j\000n\000y\000c\000h}{chapter.4}% 65
\BOOKMARK [1][-]{section.4.8}{\376\377\0008\000.\000\040\000P\000o\000d\000s\000t\000a\000w\000o\000w\000e\000\040\000p\000a\000r\000a\000m\000e\000t\000r\000y\000\040\000k\000o\000n\000f\000i\000g\000u\000r\000a\000c\000y\000j\000n\000e}{chapter.4}% 66
\BOOKMARK [1][-]{section.4.9}{\376\377\0009\000.\000\040\000W\000s\000t\001\031\000p\000\040\000t\000e\000o\000r\000e\000t\000y\000c\000z\000n\000y}{chapter.4}% 67
\BOOKMARK [2][-]{subsection.4.9.1}{\376\377\0009\000.\0001\000\040\000K\000l\000a\000s\000y\000f\000i\000k\000a\000c\000j\000a\000\040\000s\000y\000s\000t\000e\000m\000\363\000w\000\040\000z\000a\000r\000z\001\005\000d\000z\000a\000n\000i\000a\000\040\000b\000a\000z\001\005\000\040\000d\000a\000n\000y\000c\000h}{section.4.9}% 68
\BOOKMARK [2][-]{subsection.4.9.2}{\376\377\0009\000.\0002\000\040\000S\000Q\000L\000i\000t\000e}{section.4.9}% 69
\BOOKMARK [2][-]{subsection.4.9.3}{\376\377\0009\000.\0003\000\040\000P\000o\000s\000t\000g\000r\000e\000S\000Q\000L}{section.4.9}% 70
\BOOKMARK [2][-]{subsection.4.9.4}{\376\377\0009\000.\0004\000\040\000C\000e\000l\000\040\000u\001\174\000y\000c\000i\000a\000\040\000o\000b\000u\000\040\000s\000y\000s\000t\000e\000m\000\363\000w}{section.4.9}% 71
\BOOKMARK [1][-]{section.4.10}{\376\377\0001\0000\000.\000\040\000Z\000a\000r\000z\001\005\000d\000z\000a\000n\000i\000e\000\040\000k\000o\000n\000f\000i\000g\000u\000r\000a\000c\000j\001\005\000\040\000w\000\040\000P\000o\000s\000t\000g\000r\000e\000S\000Q\000L}{chapter.4}% 72
\BOOKMARK [2][-]{subsection.4.10.1}{\376\377\0001\0000\000.\0001\000\040\000P\000l\000i\000k\000i\000\040\000k\000o\000n\000f\000i\000g\000u\000r\000a\000c\000y\000j\000n\000e}{section.4.10}% 73
\BOOKMARK [2][-]{subsection.4.10.2}{\376\377\0001\0000\000.\0002\000\040\000P\000r\000z\000y\000k\001\102\000a\000d\000o\000w\000e\000\040\000k\000l\000u\000c\000z\000o\000w\000e\000\040\000p\000a\000r\000a\000m\000e\000t\000r\000y\000\040\000p\000o\000s\000t\000g\000r\000e\000s\000q\000l\000.\000c\000o\000n\000f}{section.4.10}% 74
\BOOKMARK [2][-]{subsection.4.10.3}{\376\377\0001\0000\000.\0003\000\040\000S\000p\000o\000s\000o\000b\000y\000\040\000z\000m\000i\000a\000n\000y\000\040\000k\000o\000n\000f\000i\000g\000u\000r\000a\000c\000j\000i}{section.4.10}% 75
\BOOKMARK [2][-]{subsection.4.10.4}{\376\377\0001\0000\000.\0004\000\040\000S\000p\000r\000a\000w\000d\000z\000a\000n\000i\000e\000\040\000k\000o\000n\000f\000i\000g\000u\000r\000a\000c\000j\000i}{section.4.10}% 76
\BOOKMARK [2][-]{subsection.4.10.5}{\376\377\0001\0000\000.\0005\000\040\000N\000a\000r\000z\001\031\000d\000z\000i\000a\000\040\000p\000o\000m\000o\000c\000n\000i\000c\000z\000e}{section.4.10}% 77
\BOOKMARK [2][-]{subsection.4.10.6}{\376\377\0001\0000\000.\0006\000\040\000K\000o\000n\000t\000r\000o\000l\000a\000\040\000d\000o\000s\000t\001\031\000p\000u\000\040\000i\000\040\000m\000e\000c\000h\000a\000n\000i\000z\000m\000y\000\040\000u\000w\000i\000e\000r\000z\000y\000t\000e\000l\000n\000i\000a\000n\000i\000a}{section.4.10}% 78
\BOOKMARK [1][-]{section.4.11}{\376\377\0001\0001\000.\000\040\000P\000l\000a\000n\000o\000w\000a\000n\000i\000e}{chapter.4}% 79
\BOOKMARK [2][-]{subsection.4.11.1}{\376\377\0001\0001\000.\0001\000\040\000C\000o\000\040\000t\000o\000\040\000j\000e\000s\000t\000\040\000p\000l\000a\000n\000o\000w\000a\000n\000i\000e\000\040\000z\000a\000p\000y\000t\000a\001\104\000?}{section.4.11}% 80
\BOOKMARK [2][-]{subsection.4.11.2}{\376\377\0001\0001\000.\0002\000\040\000M\000e\000c\000h\000a\000n\000i\000z\000m\000\040\000p\000l\000a\000n\000o\000w\000a\000n\000i\000a\000\040\000w\000\040\000P\000o\000s\000t\000g\000r\000e\000S\000Q\000L}{section.4.11}% 81
\BOOKMARK [2][-]{subsection.4.11.3}{\376\377\0001\0001\000.\0003\000\040\000S\000t\000a\000t\000y\000s\000t\000y\000k\000i\000\040\000i\000\040\000i\000c\000h\000\040\000a\000k\000t\000u\000a\000l\000i\000z\000a\000c\000j\000a}{section.4.11}% 82
\BOOKMARK [2][-]{subsection.4.11.4}{\376\377\0001\0001\000.\0004\000\040\000T\000y\000p\000y\000\040\000p\000l\000a\000n\000\363\000w\000\040\000w\000y\000k\000o\000n\000a\000n\000i\000a}{section.4.11}% 83
\BOOKMARK [2][-]{subsection.4.11.5}{\376\377\0001\0001\000.\0005\000\040\000J\000a\000k\000\040\000s\000p\000r\000a\000w\000d\000z\000i\001\007\000\040\000p\000l\000a\000n\000\040\000z\000a\000p\000y\000t\000a\000n\000i\000a\000?}{section.4.11}% 84
\BOOKMARK [2][-]{subsection.4.11.6}{\376\377\0001\0001\000.\0006\000\040\000P\000a\000r\000a\000m\000e\000t\000r\000y\000\040\000p\000l\000a\000n\000o\000w\000a\000n\000i\000a\000\040\000i\000\040\000o\000p\000t\000y\000m\000a\000l\000i\000z\000a\000c\000j\000i}{section.4.11}% 85
\BOOKMARK [1][-]{section.4.12}{\376\377\0001\0002\000.\000\040\000T\000a\000b\000e\000l\000e\000\040\040\023\000\040\000r\000o\000z\000m\000i\000a\000r\000,\000\040\000p\000l\000a\000n\000o\000w\000a\000n\000i\000e\000\040\000i\000\040\000m\000o\000n\000i\000t\000o\000r\000o\000w\000a\000n\000i\000e}{chapter.4}% 86
\BOOKMARK [2][-]{subsection.4.12.1}{\376\377\0001\0002\000.\0001\000\040\000R\000o\000z\000m\000i\000a\000r\000\040\000t\000a\000b\000e\000l\000i}{section.4.12}% 87
\BOOKMARK [2][-]{subsection.4.12.2}{\376\377\0001\0002\000.\0002\000\040\000P\000l\000a\000n\000o\000w\000a\000n\000i\000e\000\040\000r\000o\000z\000m\000i\000a\000r\000u\000\040\000i\000\040\000j\000e\000g\000o\000\040\000k\000o\000n\000t\000r\000o\000l\000a}{section.4.12}% 88
\BOOKMARK [2][-]{subsection.4.12.3}{\376\377\0001\0002\000.\0003\000\040\000M\000o\000n\000i\000t\000o\000r\000o\000w\000a\000n\000i\000e\000\040\000r\000o\000z\000m\000i\000a\000r\000u\000\040\000t\000a\000b\000e\000l}{section.4.12}% 89
\BOOKMARK [2][-]{subsection.4.12.4}{\376\377\0001\0002\000.\0004\000\040\000P\000l\000a\000n\000o\000w\000a\000n\000i\000e\000\040\000n\000a\000\040\000p\000o\000z\000i\000o\000m\000i\000e\000\040\000t\000a\000b\000e\000l}{section.4.12}% 90
\BOOKMARK [2][-]{subsection.4.12.5}{\376\377\0001\0002\000.\0005\000\040\000M\000o\000n\000i\000t\000o\000r\000o\000w\000a\000n\000i\000e\000\040\000s\000t\000a\000n\000u\000\040\000t\000a\000b\000e\000l}{section.4.12}% 91
\BOOKMARK [2][-]{subsection.4.12.6}{\376\377\0001\0002\000.\0006\000\040\000K\000o\000n\000s\000e\000r\000w\000a\000c\000j\000a\000\040\000i\000\040\000o\000p\000t\000y\000m\000a\000l\000i\000z\000a\000c\000j\000a\000\040\000t\000a\000b\000e\000l}{section.4.12}% 92
\BOOKMARK [1][-]{section.4.13}{\376\377\0001\0003\000.\000\040\000R\000o\000z\000m\000i\000a\000r\000\040\000p\000o\000j\000e\000d\000y\000n\000c\000z\000y\000c\000h\000\040\000t\000a\000b\000e\000l\000,\000\040\000r\000o\000z\000m\000i\000a\000r\000\040\000w\000s\000z\000y\000s\000t\000k\000i\000c\000h\000\040\000t\000a\000b\000e\000l\000,\000\040\000i\000n\000d\000e\000k\000s\000\363\000w\000\040\000t\000a\000b\000e\000l\000i}{chapter.4}% 93
\BOOKMARK [2][-]{subsection.4.13.1}{\376\377\0001\0003\000.\0001\000\040\000R\000o\000z\000m\000i\000a\000r\000\040\000p\000o\000j\000e\000d\000y\000n\000c\000z\000e\000j\000\040\000t\000a\000b\000e\000l\000i}{section.4.13}% 94
\BOOKMARK [2][-]{subsection.4.13.2}{\376\377\0001\0003\000.\0002\000\040\000R\000o\000z\000m\000i\000a\000r\000\040\000w\000s\000z\000y\000s\000t\000k\000i\000c\000h\000\040\000t\000a\000b\000e\000l\000\040\000w\000\040\000b\000a\000z\000i\000e}{section.4.13}% 95
\BOOKMARK [2][-]{subsection.4.13.3}{\376\377\0001\0003\000.\0003\000\040\000R\000o\000z\000m\000i\000a\000r\000\040\000i\000n\000d\000e\000k\000s\000\363\000w\000\040\000t\000a\000b\000e\000l\000i}{section.4.13}% 96
\BOOKMARK [2][-]{subsection.4.13.4}{\376\377\0001\0003\000.\0004\000\040\000Z\000n\000a\000c\000z\000e\000n\000i\000e\000\040\000r\000o\000z\000m\000i\000a\000r\000\363\000w}{section.4.13}% 97
\BOOKMARK [1][-]{section.4.14}{\376\377\0001\0004\000.\000\040\000R\000o\000z\000m\000i\000a\000r}{chapter.4}% 98
\BOOKMARK [2][-]{subsection.4.14.1}{\376\377\0001\0004\000.\0001\000\040\000R\000o\000d\000z\000a\000j\000e\000\040\000r\000o\000z\000m\000i\000a\000r\000\363\000w\000\040\000w\000\040\000P\000o\000s\000t\000g\000r\000e\000S\000Q\000L}{section.4.14}% 99
\BOOKMARK [2][-]{subsection.4.14.2}{\376\377\0001\0004\000.\0002\000\040\000M\000o\000n\000i\000t\000o\000r\000o\000w\000a\000n\000i\000e\000\040\000i\000\040\000k\000o\000n\000t\000r\000o\000l\000a\000\040\000r\000o\000z\000m\000i\000a\000r\000u}{section.4.14}% 100
\BOOKMARK [2][-]{subsection.4.14.3}{\376\377\0001\0004\000.\0003\000\040\000O\000p\000t\000y\000m\000a\000l\000i\000z\000a\000c\000j\000a\000\040\000r\000o\000z\000m\000i\000a\000r\000u}{section.4.14}% 101
\BOOKMARK [2][-]{subsection.4.14.4}{\376\377\0001\0004\000.\0004\000\040\000Z\000n\000a\000c\000z\000e\000n\000i\000e\000\040\000z\000a\000r\000z\001\005\000d\000z\000a\000n\000i\000a\000\040\000r\000o\000z\000m\000i\000a\000r\000e\000m}{section.4.14}% 102
\BOOKMARK [1][-]{section.4.15}{\376\377\000P\000o\000d\000s\000u\000m\000o\000w\000a\000n\000i\000e}{chapter.4}% 103
\BOOKMARK [0][-]{chapter.5}{\376\377\000B\000e\000z\000p\000i\000e\000c\000z\000e\001\104\000s\000t\000w\000o}{}% 104
\BOOKMARK [1][-]{section.5.1}{\376\377\0001\000.\000\040\000p\000g\000\137\000h\000b\000a\000.\000c\000o\000n\000f\000\040\040\024\000\040\000o\000p\000i\000s\000\040\000p\000l\000i\000k\000u\000\040\000k\000o\000n\000f\000i\000g\000u\000r\000a\000c\000y\000j\000n\000e\000g\000o\000\040\000P\000o\000s\000t\000g\000r\000e\000S\000Q\000L}{chapter.5}% 105
\BOOKMARK [2][-]{subsection.5.1.1}{\376\377\000F\000o\000r\000m\000a\000t\000\040\000p\000l\000i\000k\000u}{section.5.1}% 106
\BOOKMARK [2][-]{subsection.5.1.2}{\376\377\000Z\000n\000a\000c\000z\000e\000n\000i\000e\000\040\000E\000l\000e\000m\000e\000n\000t\000\363\000w}{section.5.1}% 107
\BOOKMARK [2][-]{subsection.5.1.3}{\376\377\000T\000y\000p\000y\000\040\000p\000o\001\102\001\005\000c\000z\000e\001\104}{section.5.1}% 108
\BOOKMARK [2][-]{subsection.5.1.4}{\376\377\000M\000e\000t\000o\000d\000y\000\040\000u\000w\000i\000e\000r\000z\000y\000t\000e\000l\000n\000i\000a\000n\000i\000a}{section.5.1}% 109
\BOOKMARK [2][-]{subsection.5.1.5}{\376\377\000P\000r\000z\000y\000k\001\102\000a\000d\000o\000w\000y\000\040\000w\000p\000i\000s}{section.5.1}% 110
\BOOKMARK [2][-]{subsection.5.1.6}{\376\377\000Z\000m\000i\000a\000n\000y\000\040\000i\000\040\000p\000r\000z\000e\001\102\000a\000d\000o\000w\000a\000n\000i\000e}{section.5.1}% 111
\BOOKMARK [1][-]{section.5.2}{\376\377\0002\000.\000\040\000U\000p\000r\000a\000w\000n\000i\000e\000n\000i\000a\000\040\000u\001\174\000y\000t\000k\000o\000w\000n\000i\000k\000a}{chapter.5}% 112
\BOOKMARK [2][-]{subsection.5.2.1}{\376\377\000P\000o\000z\000i\000o\000m\000\040\000s\000y\000s\000t\000e\000m\000o\000w\000y}{section.5.2}% 113
\BOOKMARK [2][-]{subsection.5.2.2}{\376\377\000P\000o\000z\000i\000o\000m\000\040\000b\000a\000z\000y\000\040\000d\000a\000n\000y\000c\000h}{section.5.2}% 114
\BOOKMARK [2][-]{subsection.5.2.3}{\376\377\000P\000o\000z\000i\000o\000m\000\040\000s\000c\000h\000e\000m\000a\000t\000u}{section.5.2}% 115
\BOOKMARK [2][-]{subsection.5.2.4}{\376\377\000P\000o\000z\000i\000o\000m\000\040\000t\000a\000b\000e\000l\000i}{section.5.2}% 116
\BOOKMARK [2][-]{subsection.5.2.5}{\376\377\000P\000r\000z\000y\000k\001\102\000a\000d}{section.5.2}% 117
\BOOKMARK [1][-]{section.5.3}{\376\377\0003\000.\000\040\000Z\000a\000r\000z\001\005\000d\000z\000a\000n\000i\000e\000\040\000u\001\174\000y\000t\000k\000o\000w\000n\000i\000k\000a\000m\000i\000\040\000a\000\040\000d\000a\000n\000e\000\040\000w\000p\000r\000o\000w\000a\000d\000z\000o\000n\000e}{chapter.5}% 118
\BOOKMARK [2][-]{subsection.5.3.1}{\376\377\000T\000w\000o\000r\000z\000e\000n\000i\000e\000\040\000i\000\040\000m\000o\000d\000y\000f\000i\000k\000a\000c\000j\000a\000\040\000u\001\174\000y\000t\000k\000o\000w\000n\000i\000k\000\363\000w}{section.5.3}% 119
\BOOKMARK [2][-]{subsection.5.3.2}{\376\377\000U\000s\000u\000w\000a\000n\000i\000e\000\040\000u\001\174\000y\000t\000k\000o\000w\000n\000i\000k\000\363\000w}{section.5.3}% 120
\BOOKMARK [2][-]{subsection.5.3.3}{\376\377\000U\000s\000u\000n\000i\001\031\000c\000i\000e\000\040\000u\001\174\000y\000t\000k\000o\000w\000n\000i\000k\000a\000,\000\040\000a\000\040\000d\000a\000n\000e\000\040\000k\000t\000\363\000r\000e\000\040\000p\000o\000s\000i\000a\000d\000a\001\102}{section.5.3}% 121
\BOOKMARK [2][-]{subsection.5.3.4}{\376\377\000U\000s\000u\000n\000i\001\031\000c\000i\000e\000\040\000u\001\174\000y\000t\000k\000o\000w\000n\000i\000k\000\363\000w\000,\000\040\000a\000\040\000o\000b\000i\000e\000t\000k\000y}{section.5.3}% 122
\BOOKMARK [1][-]{section.5.4}{\376\377\0004\000.\000\040\000Z\000a\000b\000e\000z\000p\000i\000e\000c\000z\000e\000n\000i\000e\000\040\000p\000o\001\102\001\005\000c\000z\000e\000n\000i\000a\000\040\000p\000r\000z\000e\000z\000\040\000S\000S\000L\000/\000T\000L\000S}{chapter.5}% 123
\BOOKMARK [2][-]{subsection.5.4.1}{\376\377\000K\000o\000n\000f\000i\000g\000u\000r\000a\000c\000j\000a\000\040\000S\000S\000L\000/\000T\000L\000S\000\040\000w\000\040\000P\000o\000s\000t\000g\000r\000e\000S\000Q\000L}{section.5.4}% 124
\BOOKMARK [2][-]{subsection.5.4.2}{\376\377\000M\000o\000n\000i\000t\000o\000r\000o\000w\000a\000n\000i\000e\000\040\000i\000\040\000t\000e\000s\000t\000o\000w\000a\000n\000i\000e\000\040\000S\000S\000L\000/\000T\000L\000S}{section.5.4}% 125
\BOOKMARK [1][-]{section.5.5}{\376\377\0005\000.\000\040\000S\000z\000y\000f\000r\000o\000w\000a\000n\000i\000e\000\040\000d\000a\000n\000y\000c\000h}{chapter.5}% 126
\BOOKMARK [2][-]{subsection.5.5.1}{\376\377\000S\000z\000y\000f\000r\000o\000w\000a\000n\000i\000e\000\040\000t\000r\000a\000n\000s\000m\000i\000s\000j\000i}{section.5.5}% 127
\BOOKMARK [2][-]{subsection.5.5.2}{\376\377\000S\000z\000y\000f\000r\000o\000w\000a\000n\000i\000e\000\040\000c\000a\001\102\000e\000g\000o\000\040\000d\000y\000s\000k\000u}{section.5.5}% 128
\BOOKMARK [2][-]{subsection.5.5.3}{\376\377\000S\000z\000y\000f\000r\000o\000w\000a\000n\000i\000e\000\040\000n\000a\000\040\000p\000o\000z\000i\000o\000m\000i\000e\000\040\000k\000o\000l\000u\000m\000n\000\040\000z\000\040\000u\001\174\000y\000c\000i\000e\000m\000\040\000p\000g\000c\000r\000y\000p\000t\000o}{section.5.5}% 129
\BOOKMARK [2][-]{subsection.5.5.4}{\376\377\000S\000z\000y\000f\000r\000o\000w\000a\000n\000i\000e\000\040\000n\000a\000\040\000p\000o\000z\000i\000o\000m\000i\000e\000\040\000a\000p\000l\000i\000k\000a\000c\000j\000i}{section.5.5}% 130
\BOOKMARK [2][-]{subsection.5.5.5}{\376\377\000Z\000a\000r\000z\001\005\000d\000z\000a\000n\000i\000e\000\040\000k\000l\000u\000c\000z\000a\000m\000i\000\040\000s\000z\000y\000f\000r\000u\000j\001\005\000c\000y\000m\000i}{section.5.5}% 131
\BOOKMARK [0][-]{chapter.6}{\376\377\000K\000o\000n\000t\000r\000o\000l\000a\000\040\000i\000\040\000k\000o\000n\000s\000e\000r\000w\000a\000c\000j\000a\000\040\000b\000a\000z\000\040\000d\000a\000n\000y\000c\000h}{}% 132
\BOOKMARK [1][-]{section.6.1}{\376\377\000W\000p\000r\000o\000w\000a\000d\000z\000e\000n\000i\000e}{chapter.6}% 133
\BOOKMARK [1][-]{section.6.2}{\376\377\000P\000o\000d\000z\000i\000a\001\102\000\040\000k\000o\000n\000s\000e\000r\000w\000a\000c\000j\000i\000\040\000b\000a\000z\000\040\000d\000a\000n\000y\000c\000h}{chapter.6}% 134
\BOOKMARK [2][-]{subsection.6.2.1}{\376\377\000K\000o\000n\000s\000e\000r\000w\000a\000c\000j\000a\000\040\000f\000i\000z\000y\000c\000z\000n\000a}{section.6.2}% 135
\BOOKMARK [2][-]{subsection.6.2.2}{\376\377\000K\000o\000n\000s\000e\000r\000w\000a\000c\000j\000a\000\040\000p\000r\000o\000g\000r\000a\000m\000o\000w\000a}{section.6.2}% 136
\BOOKMARK [1][-]{section.6.3}{\376\377\000R\000\363\001\174\000n\000i\000c\000e\000\040\000k\000o\000n\000s\000e\000r\000w\000a\000c\000y\000j\000n\000e\000\040\000w\000\040\000z\000a\000l\000e\001\174\000n\000o\001\133\000c\000i\000\040\000o\000d\000\040\000r\000o\000d\000z\000a\000j\000u\000\040\000b\000a\000z\000y\000\040\000d\000a\000n\000y\000c\000h}{chapter.6}% 137
\BOOKMARK [2][-]{subsection.6.3.1}{\376\377\000P\000o\000s\000t\000g\000r\000e\000S\000Q\000L}{section.6.3}% 138
\BOOKMARK [2][-]{subsection.6.3.2}{\376\377\000M\000y\000S\000Q\000L}{section.6.3}% 139
\BOOKMARK [2][-]{subsection.6.3.3}{\376\377\000S\000Q\000L\000i\000t\000e\000\040\000\050\000n\000p\000.\000\040\000L\000i\000g\000h\000t\000S\000Q\000L\000\051}{section.6.3}% 140
\BOOKMARK [2][-]{subsection.6.3.4}{\376\377\000M\000i\000c\000r\000o\000s\000o\000f\000t\000\040\000S\000Q\000L\000\040\000S\000e\000r\000v\000e\000r}{section.6.3}% 141
\BOOKMARK [1][-]{section.6.4}{\376\377\000P\000l\000a\000n\000o\000w\000a\000n\000i\000e\000\040\000k\000o\000n\000s\000e\000r\000w\000a\000c\000j\000i\000\040\000b\000a\000z\000y\000\040\000d\000a\000n\000y\000c\000h}{chapter.6}% 142
\BOOKMARK [1][-]{section.6.5}{\376\377\000U\000r\000u\000c\000h\000a\000m\000i\000a\000n\000i\000e\000,\000\040\000z\000a\000t\000r\000z\000y\000m\000y\000w\000a\000n\000i\000e\000\040\000i\000\040\000r\000e\000s\000t\000a\000r\000t\000o\000w\000a\000n\000i\000e\000\040\000s\000e\000r\000w\000e\000r\000a\000\040\000b\000a\000z\000y\000\040\000d\000a\000n\000y\000c\000h}{chapter.6}% 143
\BOOKMARK [2][-]{subsection.6.5.1}{\376\377\000U\000r\000u\000c\000h\000a\000m\000i\000a\000n\000i\000e}{section.6.5}% 144
\BOOKMARK [2][-]{subsection.6.5.2}{\376\377\000Z\000a\000t\000r\000z\000y\000m\000y\000w\000a\000n\000i\000e}{section.6.5}% 145
\BOOKMARK [2][-]{subsection.6.5.3}{\376\377\000R\000e\000s\000t\000a\000r\000t\000o\000w\000a\000n\000i\000e}{section.6.5}% 146
\BOOKMARK [1][-]{section.6.6}{\376\377\000Z\000a\000r\000z\001\005\000d\000z\000a\000n\000i\000e\000\040\000p\000o\001\102\001\005\000c\000z\000e\000n\000i\000a\000m\000i\000\040\000u\001\174\000y\000t\000k\000o\000w\000n\000i\000k\000\363\000w}{chapter.6}% 147
\BOOKMARK [2][-]{subsection.6.6.1}{\376\377\000O\000g\000r\000a\000n\000i\000c\000z\000a\000n\000i\000e\000\040\000u\001\174\000y\000t\000k\000o\000w\000n\000i\000k\000\363\000w}{section.6.6}% 148
\BOOKMARK [2][-]{subsection.6.6.2}{\376\377\000R\001\031\000c\000z\000n\000e\000\040\000r\000o\000z\001\102\001\005\000c\000z\000a\000n\000i\000e\000\040\000u\001\174\000y\000t\000k\000o\000w\000n\000i\000k\000\363\000w}{section.6.6}% 149
\BOOKMARK [2][-]{subsection.6.6.3}{\376\377\000A\000u\000t\000o\000m\000a\000t\000y\000c\000z\000n\000e\000\040\000r\000o\000z\001\102\001\005\000c\000z\000a\000n\000i\000e\000\040\000u\001\174\000y\000t\000k\000o\000w\000n\000i\000k\000\363\000w}{section.6.6}% 150
\BOOKMARK [2][-]{subsection.6.6.4}{\376\377\000Z\000a\000p\000o\000b\000i\000e\000g\000a\000n\000i\000e\000\040\000n\000o\000w\000y\000m\000\040\000p\000o\001\102\001\005\000c\000z\000e\000n\000i\000o\000m}{section.6.6}% 151
\BOOKMARK [1][-]{section.6.7}{\376\377\000P\000r\000o\000c\000e\000s\000\040\000V\000A\000C\000U\000U\000M}{chapter.6}% 152
\BOOKMARK [2][-]{subsection.6.7.1}{\376\377\000A\000u\000t\000o\000v\000a\000c\000u\000u\000m}{section.6.7}% 153
\BOOKMARK [1][-]{section.6.8}{\376\377\000S\000c\000h\000e\000m\000a\000t\000\040\000b\000a\000z\000y\000\040\000d\000a\000n\000y\000c\000h}{chapter.6}% 154
\BOOKMARK [2][-]{subsection.6.8.1}{\376\377\000C\000z\000y\000m\000\040\000j\000e\000s\000t\000\040\000s\000c\000h\000e\000m\000a\000t\000\040\000b\000a\000z\000y\000\040\000d\000a\000n\000y\000c\000h\000?}{section.6.8}% 155
\BOOKMARK [2][-]{subsection.6.8.2}{\376\377\000R\000o\000l\000a\000\040\000s\000c\000h\000e\000m\000a\000t\000u\000\040\000w\000\040\000k\000o\000n\000s\000e\000r\000w\000a\000c\000j\000i\000\040\000b\000a\000z\000y\000\040\000d\000a\000n\000y\000c\000h}{section.6.8}% 156
\BOOKMARK [2][-]{subsection.6.8.3}{\376\377\000R\000\363\001\174\000n\000i\000c\000e\000\040\000w\000\040\000i\000m\000p\000l\000e\000m\000e\000n\000t\000a\000c\000j\000i\000\040\000s\000c\000h\000e\000m\000a\000t\000u\000\040\000w\000\040\000r\000\363\001\174\000n\000y\000c\000h\000\040\000s\000y\000s\000t\000e\000m\000a\000c\000h}{section.6.8}% 157
\BOOKMARK [1][-]{section.6.9}{\376\377\000T\000r\000a\000n\000s\000a\000k\000c\000j\000e}{chapter.6}% 158
\BOOKMARK [2][-]{subsection.6.9.1}{\376\377\000C\000z\000y\000m\000\040\000j\000e\000s\000t\000\040\000t\000r\000a\000n\000s\000a\000k\000c\000j\000a\000?}{section.6.9}% 159
\BOOKMARK [2][-]{subsection.6.9.2}{\376\377\000Z\000a\000s\000a\000d\000y\000\040\000A\000C\000I\000D}{section.6.9}% 160
\BOOKMARK [2][-]{subsection.6.9.3}{\376\377\000R\000o\000l\000a\000\040\000t\000r\000a\000n\000s\000a\000k\000c\000j\000i\000\040\000w\000\040\000k\000o\000n\000t\000r\000o\000l\000i\000\040\000i\000\040\000k\000o\000n\000s\000e\000r\000w\000a\000c\000j\000i}{section.6.9}% 161
\BOOKMARK [2][-]{subsection.6.9.4}{\376\377\000R\000\363\001\174\000n\000i\000c\000e\000\040\000w\000\040\000i\000m\000p\000l\000e\000m\000e\000n\000t\000a\000c\000j\000i\000\040\000t\000r\000a\000n\000s\000a\000k\000c\000j\000i\000\040\000w\000\040\000r\000\363\001\174\000n\000y\000c\000h\000\040\000s\000y\000s\000t\000e\000m\000a\000c\000h}{section.6.9}% 162
\BOOKMARK [1][-]{section.6.10}{\376\377\000L\000i\000t\000e\000r\000a\000t\000u\000r\000a}{chapter.6}% 163
\BOOKMARK [0][-]{chapter.7}{\376\377\000K\000o\000p\000i\000e\000\040\000z\000a\000p\000a\000s\000o\000w\000e\000\040\000i\000\040\000o\000d\000z\000y\000s\000k\000i\000w\000a\000n\000i\000e\000\040\000d\000a\000n\000y\000c\000h\000\040\000w\000\040\000P\000o\000s\000t\000g\000r\000e\000S\000Q\000L}{}% 164
\BOOKMARK [1][-]{section.7.1}{\376\377\000W\000p\000r\000o\000w\000a\000d\000z\000e\000n\000i\000e}{chapter.7}% 165
\BOOKMARK [1][-]{section.7.2}{\376\377\000M\000e\000c\000h\000a\000n\000i\000z\000m\000y\000\040\000w\000b\000u\000d\000o\000w\000a\000n\000e\000\040\000d\000o\000\040\000t\000w\000o\000r\000z\000e\000n\000i\000a\000\040\000k\000o\000p\000i\000i\000\040\000z\000a\000p\000a\000s\000o\000w\000y\000c\000h\000\040\000c\000a\001\102\000e\000g\000o\000\040\000s\000y\000s\000t\000e\000m\000u\000\040\000P\000o\000s\000t\000g\000r\000e\000S\000Q\000L}{chapter.7}% 166
\BOOKMARK [2][-]{subsection.7.2.1}{\376\377\000p\000g\000\137\000b\000a\000s\000e\000b\000a\000c\000k\000u\000p}{section.7.2}% 167
\BOOKMARK [2][-]{subsection.7.2.2}{\376\377\000C\000o\000n\000t\000i\000n\000u\000o\000u\000s\000\040\000A\000r\000c\000h\000i\000v\000i\000n\000g\000\040\000\050\000P\000o\000i\000n\000t\000-\000i\000n\000-\000T\000i\000m\000e\000\040\000R\000e\000c\000o\000v\000e\000r\000y\000\051}{section.7.2}% 168
\BOOKMARK [2][-]{subsection.7.2.3}{\376\377\000S\000t\000r\000e\000a\000m\000i\000n\000g\000\040\000R\000e\000p\000l\000i\000c\000a\000t\000i\000o\000n}{section.7.2}% 169
\BOOKMARK [2][-]{subsection.7.2.4}{\376\377\000F\000i\000l\000e\000\040\000S\000y\000s\000t\000e\000m\000\040\000L\000e\000v\000e\000l\000\040\000B\000a\000c\000k\000u\000p}{section.7.2}% 170
\BOOKMARK [1][-]{section.7.3}{\376\377\000M\000e\000c\000h\000a\000n\000i\000z\000m\000y\000\040\000w\000b\000u\000d\000o\000w\000a\000n\000e\000\040\000d\000o\000\040\000t\000w\000o\000r\000z\000e\000n\000i\000a\000\040\000k\000o\000p\000i\000i\000\040\000z\000a\000p\000a\000s\000o\000w\000y\000c\000h\000\040\000p\000o\000s\000z\000c\000z\000e\000g\000\363\000l\000n\000y\000c\000h\000\040\000b\000a\000z\000\040\000d\000a\000n\000y\000c\000h}{chapter.7}% 171
\BOOKMARK [2][-]{subsection.7.3.1}{\376\377\000p\000g\000\137\000d\000u\000m\000p}{section.7.3}% 172
\BOOKMARK [2][-]{subsection.7.3.2}{\376\377\000p\000g\000\137\000d\000u\000m\000p\000a\000l\000l}{section.7.3}% 173
\BOOKMARK [2][-]{subsection.7.3.3}{\376\377\000C\000O\000P\000Y\000\040\000c\000o\000m\000m\000a\000n\000d}{section.7.3}% 174
\BOOKMARK [2][-]{subsection.7.3.4}{\376\377\000p\000g\000\137\000d\000u\000m\000p\000\040\000z\000\040\000o\000p\000c\000j\000a\000m\000i\000\040\000s\000e\000l\000e\000k\000t\000y\000w\000n\000y\000m\000i}{section.7.3}% 175
\BOOKMARK [1][-]{section.7.4}{\376\377\000O\000d\000z\000y\000s\000k\000i\000w\000a\000n\000i\000e\000\040\000u\000s\000u\000n\000i\001\031\000t\000y\000c\000h\000\040\000l\000u\000b\000\040\000u\000s\000z\000k\000o\000d\000z\000o\000n\000y\000c\000h\000\040\000d\000a\000n\000y\000c\000h}{chapter.7}% 176
\BOOKMARK [2][-]{subsection.7.4.1}{\376\377\000O\000d\000z\000y\000s\000k\000i\000w\000a\000n\000i\000e\000\040\000z\000\040\000k\000o\000p\000i\000i\000\040\000l\000o\000g\000i\000c\000z\000n\000y\000c\000h}{section.7.4}% 177
\BOOKMARK [2][-]{subsection.7.4.2}{\376\377\000P\000o\000i\000n\000t\000-\000i\000n\000-\000T\000i\000m\000e\000\040\000R\000e\000c\000o\000v\000e\000r\000y\000\040\000\050\000P\000I\000T\000R\000\051}{section.7.4}% 178
\BOOKMARK [2][-]{subsection.7.4.3}{\376\377\000O\000d\000z\000y\000s\000k\000i\000w\000a\000n\000i\000e\000\040\000t\000a\000b\000e\000l\000\040\000z\000\040\000t\000a\000b\000l\000e\000s\000p\000a\000c\000e\000s}{section.7.4}% 179
\BOOKMARK [2][-]{subsection.7.4.4}{\376\377\000T\000r\000a\000n\000s\000a\000c\000t\000i\000o\000n\000\040\000l\000o\000g\000\040\000r\000e\000p\000l\000a\000y}{section.7.4}% 180
\BOOKMARK [2][-]{subsection.7.4.5}{\376\377\000O\000d\000z\000y\000s\000k\000i\000w\000a\000n\000i\000e\000\040\000n\000a\000\040\000p\000o\000z\000i\000o\000m\000i\000e\000\040\000k\000l\000a\000s\000t\000r\000a}{section.7.4}% 181
\BOOKMARK [1][-]{section.7.5}{\376\377\000D\000e\000d\000y\000k\000o\000w\000a\000n\000e\000\040\000o\000p\000r\000o\000g\000r\000a\000m\000o\000w\000a\000n\000i\000e\000\040\000i\000\040\000s\000k\000r\000y\000p\000t\000y\000\040\000z\000e\000w\000n\001\031\000t\000r\000z\000n\000e\000\040\000d\000o\000\040\000a\000u\000t\000o\000m\000a\000t\000y\000z\000a\000c\000j\000i}{chapter.7}% 182
\BOOKMARK [2][-]{subsection.7.5.1}{\376\377\000p\000g\000B\000a\000c\000k\000R\000e\000s\000t}{section.7.5}% 183
\BOOKMARK [2][-]{subsection.7.5.2}{\376\377\000B\000a\000r\000m\000a\000n\000\040\000\050\000B\000a\000c\000k\000u\000p\000\040\000a\000n\000d\000\040\000R\000e\000c\000o\000v\000e\000r\000y\000\040\000M\000a\000n\000a\000g\000e\000r\000\051}{section.7.5}% 184
\BOOKMARK [2][-]{subsection.7.5.3}{\376\377\000W\000A\000L\000-\000E\000\040\000i\000\040\000W\000A\000L\000-\000G}{section.7.5}% 185
\BOOKMARK [2][-]{subsection.7.5.4}{\376\377\000S\000k\000r\000y\000p\000t\000y\000\040\000s\000h\000e\000l\000l\000\040\000i\000\040\000c\000r\000o\000n\000\040\000j\000o\000b\000s}{section.7.5}% 186
\BOOKMARK [2][-]{subsection.7.5.5}{\376\377\000N\000a\000r\000z\001\031\000d\000z\000i\000a\000\040\000a\000u\000t\000o\000m\000a\000t\000y\000z\000a\000c\000j\000i\000\040\000i\000n\000f\000r\000a\000s\000t\000r\000u\000k\000t\000u\000r\000y}{section.7.5}% 187
\BOOKMARK [2][-]{subsection.7.5.6}{\376\377\000M\000o\000n\000i\000t\000o\000r\000i\000n\000g\000\040\000i\000\040\000a\000l\000e\000r\000t\000o\000w\000a\000n\000i\000e}{section.7.5}% 188
\BOOKMARK [1][-]{section.7.6}{\376\377\000P\000o\000d\000s\000u\000m\000o\000w\000a\000n\000i\000e}{chapter.7}% 189
\BOOKMARK [2][-]{subsection.7.6.1}{\376\377\000K\000l\000u\000c\000z\000o\000w\000e\000\040\000w\000n\000i\000o\000s\000k\000i}{section.7.6}% 190
\BOOKMARK [2][-]{subsection.7.6.2}{\376\377\000N\000a\000j\000w\000a\001\174\000n\000i\000e\000j\000s\000z\000e\000\040\000z\000a\000l\000e\000c\000e\000n\000i\000a}{section.7.6}% 191
\BOOKMARK [0][-]{chapter.8}{\376\377\000P\000r\000o\000j\000e\000k\000t\000\040\000i\000\040\000I\000m\000p\000l\000e\000m\000e\000n\000t\000a\000c\000j\000a\000\040\000B\000a\000z\000y\000\040\000D\000a\000n\000y\000c\000h}{}% 192
\BOOKMARK [1][-]{section.8.1}{\376\377\000M\000o\000d\000e\000l\000\040\000K\000o\000n\000c\000e\000p\000c\000y\000j\000n\000y}{chapter.8}% 193
\BOOKMARK [1][-]{section.8.2}{\376\377\000M\000o\000d\000e\000l\000\040\000L\000o\000g\000i\000c\000z\000n\000y}{chapter.8}% 194
\BOOKMARK [1][-]{section.8.3}{\376\377\000M\000o\000d\000e\000l\000\040\000F\000i\000z\000y\000c\000z\000n\000y\000\040\000\050\000S\000c\000h\000e\000m\000a\000t\000\040\000S\000Q\000L\000\051}{chapter.8}% 195
\BOOKMARK [1][-]{section.8.4}{\376\377\000O\000p\000i\000s\000\040\000T\000a\000b\000e\000l}{chapter.8}% 196
\BOOKMARK [2][-]{subsection.8.4.1}{\376\377\000K\000l\000i\000e\000n\000c\000i}{section.8.4}% 197
\BOOKMARK [2][-]{subsection.8.4.2}{\376\377\000K\000a\000t\000e\000g\000o\000r\000i\000e}{section.8.4}% 198
\BOOKMARK [2][-]{subsection.8.4.3}{\376\377\000D\000o\000s\000t\000a\000w\000c\000y}{section.8.4}% 199
\BOOKMARK [2][-]{subsection.8.4.4}{\376\377\000P\000r\000o\000d\000u\000k\000t\000y}{section.8.4}% 200
\BOOKMARK [2][-]{subsection.8.4.5}{\376\377\000Z\000a\000m\000o\000w\000i\000e\000n\000i\000a}{section.8.4}% 201
\BOOKMARK [2][-]{subsection.8.4.6}{\376\377\000P\000o\000z\000y\000c\000j\000e\000Z\000a\000m\000o\000w\000i\000e\000n\000i\000a}{section.8.4}% 202
\BOOKMARK [1][-]{section.8.5}{\376\377\000K\000o\000d\000\040\001\171\000r\000\363\000d\001\102\000o\000w\000y\000\040\000G\000e\000n\000e\000r\000a\000t\000o\000r\000a\000\040\000B\000a\000z\000y\000\040\000D\000a\000n\000y\000c\000h}{chapter.8}% 203
\BOOKMARK [0][-]{chapter.9}{\376\377\000A\000n\000a\000l\000i\000z\000a\000\040\000i\000\040\000I\000m\000p\000l\000e\000m\000e\000n\000t\000a\000c\000j\000a\000\040\000B\000a\000z\000y\000\040\000D\000a\000n\000y\000c\000h}{}% 204
\BOOKMARK [1][-]{section.9.1}{\376\377\000A\000n\000a\000l\000i\000z\000a\000\040\000S\000t\000r\000u\000k\000t\000u\000r\000y\000\040\000i\000\040\000N\000o\000r\000m\000a\000l\000i\000z\000a\000c\000j\000a}{chapter.9}% 205
\BOOKMARK [2][-]{subsection.9.1.1}{\376\377\000P\000i\000e\000r\000w\000s\000z\000a\000\040\000P\000o\000s\000t\000a\001\007\000\040\000N\000o\000r\000m\000a\000l\000n\000a\000\040\000\050\0001\000N\000F\000\051}{section.9.1}% 206
\BOOKMARK [2][-]{subsection.9.1.2}{\376\377\000D\000r\000u\000g\000a\000\040\000P\000o\000s\000t\000a\001\007\000\040\000N\000o\000r\000m\000a\000l\000n\000a\000\040\000\050\0002\000N\000F\000\051}{section.9.1}% 207
\BOOKMARK [2][-]{subsection.9.1.3}{\376\377\000T\000r\000z\000e\000c\000i\000a\000\040\000P\000o\000s\000t\000a\001\007\000\040\000N\000o\000r\000m\000a\000l\000n\000a\000\040\000\050\0003\000N\000F\000\051}{section.9.1}% 208
\BOOKMARK [1][-]{section.9.2}{\376\377\000S\000k\000r\000y\000p\000t\000y\000\040\000S\000Q\000L\000\040\000i\000\040\000G\000e\000n\000e\000r\000o\000w\000a\000n\000i\000e\000\040\000D\000a\000n\000y\000c\000h}{chapter.9}% 209
\BOOKMARK [2][-]{subsection.9.2.1}{\376\377\000I\000m\000p\000l\000e\000m\000e\000n\000t\000a\000c\000j\000a\000\040\000w\000\040\000S\000Q\000L\000i\000t\000e}{section.9.2}% 210
\BOOKMARK [2][-]{subsection.9.2.2}{\376\377\000I\000m\000p\000l\000e\000m\000e\000n\000t\000a\000c\000j\000a\000\040\000w\000\040\000P\000o\000s\000t\000g\000r\000e\000S\000Q\000L}{section.9.2}% 211
\BOOKMARK [1][-]{section.9.3}{\376\377\000P\000r\000z\000y\000k\001\102\000a\000d\000o\000w\000e\000\040\000Z\000a\000p\000y\000t\000a\000n\000i\000a\000\040\000i\000\040\000O\000p\000t\000y\000m\000a\000l\000i\000z\000a\000c\000j\000a}{chapter.9}% 212
\BOOKMARK [2][-]{subsection.9.3.1}{\376\377\000Z\000a\000p\000y\000t\000a\000n\000i\000e\000\040\0001\000:\000\040\000S\000u\000m\000a\000\040\000w\000a\000r\000t\000o\001\133\000c\000i\000\040\000z\000a\000m\000\363\000w\000i\000e\001\104\000\040\000d\000l\000a\000\040\000k\000a\001\174\000d\000e\000g\000o\000\040\000k\000l\000i\000e\000n\000t\000a}{section.9.3}% 213
\BOOKMARK [2][-]{subsection.9.3.2}{\376\377\000Z\000a\000p\000y\000t\000a\000n\000i\000e\000\040\0002\000:\000\040\000Z\000n\000a\000l\000e\000z\000i\000e\000n\000i\000e\000\040\0005\000\040\000n\000a\000j\000p\000o\000p\000u\000l\000a\000r\000n\000i\000e\000j\000s\000z\000y\000c\000h\000\040\000p\000r\000o\000d\000u\000k\000t\000\363\000w}{section.9.3}% 214
\BOOKMARK [0][-]{chapter.10}{\376\377\000S\000t\000r\000u\000k\000t\000u\000r\000a\000\040\000R\000e\000p\000o\000z\000y\000t\000o\000r\000i\000\363\000w\000\040\000P\000r\000o\000j\000e\000k\000t\000o\000w\000y\000c\000h}{}% 215
\BOOKMARK [1][-]{section.10.1}{\376\377\000P\000r\000o\000j\000e\000k\000t\000\040\000z\000o\000s\000t\000a\001\102\000\040\000z\000r\000e\000a\000l\000i\000z\000o\000w\000a\000n\000y\000\040\000w\000\040\000o\000p\000a\000r\000c\000i\000u\000\040\000o\000\040\000r\000o\000z\000p\000r\000o\000s\000z\000o\000n\000y\000\040\000s\000y\000s\000t\000e\000m\000\040\000k\000o\000n\000t\000r\000o\000l\000i\000\040\000w\000e\000r\000s\000j\000i\000\040\000G\000i\000t\000,\000\040\000a\000\040\000p\000l\000a\000t\000f\000o\000r\000m\000a\000\040\000G\000i\000t\000H\000u\000b\000\040\000p\000o\000s\001\102\000u\001\174\000y\001\102\000a\000\040\000j\000a\000k\000o\000\040\000c\000e\000n\000t\000r\000a\000l\000n\000e\000\040\000m\000i\000e\000j\000s\000c\000e\000\040\000d\000o\000\040\000p\000r\000z\000e\000c\000h\000o\000w\000y\000w\000a\000n\000i\000a\000\040\000k\000o\000d\000u\000,\000\040\000k\000o\000o\000r\000d\000y\000n\000a\000c\000j\000i\000\040\000p\000r\000a\000c\000\040\000o\000r\000a\000z\000\040\000i\000n\000t\000e\000g\000r\000a\000c\000j\000i\000\040\000p\000o\000s\000z\000c\000z\000e\000g\000\363\000l\000n\000y\000c\000h\000\040\000c\000z\001\031\001\133\000c\000i\000\040\000s\000p\000r\000a\000w\000o\000z\000d\000a\000n\000i\000a\000.\000\040\000P\000o\000n\000i\001\174\000e\000j\000\040\000p\000r\000z\000e\000d\000s\000t\000a\000w\000i\000o\000n\000o\000\040\000k\000o\000m\000p\000l\000e\000t\000n\001\005\000\040\000l\000i\000s\000t\001\031\000\040\000r\000e\000p\000o\000z\000y\000t\000o\000r\000i\000\363\000w\000\040\000w\000y\000k\000o\000r\000z\000y\000s\000t\000a\000n\000y\000c\000h\000\040\000w\000\040\000p\000r\000o\000j\000e\000k\000c\000i\000e\000.}{chapter.10}% 216
\BOOKMARK [1][-]{section.10.2}{\376\377\000R\000e\000p\000o\000z\000y\000t\000o\000r\000i\000a\000\040\000z\000\040\000O\000p\000r\000a\000c\000o\000w\000a\000n\000i\000a\000m\000i\000\040\000T\000e\000m\000a\000t\000y\000c\000z\000n\000y\000m\000i}{chapter.10}% 217
